  Final.cpp
C:\Users\pecer\OneDrive\Documents\GitHub\Proyecto_CompuGrafica\Project3\include\shader_m.h(44,40): warning C4101: 'e': variable local sin referencia
C:\Users\pecer\OneDrive\Documents\GitHub\Proyecto_CompuGrafica\Project3\include\modelAnim.h(104,44): warning C4244: '=': conversión de 'double' a 'float'; posible pérdida de datos
C:\Users\pecer\OneDrive\Documents\GitHub\Proyecto_CompuGrafica\Project3\include\modelAnim.h(520,24): warning C4244: 'inicializando': conversión de 'double' a 'float'; posible pérdida de datos
C:\Users\pecer\OneDrive\Documents\GitHub\Proyecto_CompuGrafica\Project3\Final.cpp(190,39): warning C4305: '+=': truncamiento de 'double' a 'float'
C:\Users\pecer\OneDrive\Documents\GitHub\Proyecto_CompuGrafica\Project3\Final.cpp(1011,11): warning C4244: '=': conversión de 'double' a 'float'; posible pérdida de datos
C:\Users\pecer\OneDrive\Documents\GitHub\Proyecto_CompuGrafica\Project3\Final.cpp(1012,11): warning C4244: '=': conversión de 'double' a 'float'; posible pérdida de datos
C:\Users\pecer\OneDrive\Documents\GitHub\Proyecto_CompuGrafica\Project3\Final.cpp(1016,16): warning C4244: 'inicializando': conversión de 'double' a 'float'; posible pérdida de datos
C:\Users\pecer\OneDrive\Documents\GitHub\Proyecto_CompuGrafica\Project3\Final.cpp(1017,16): warning C4244: 'inicializando': conversión de 'double' a 'float'; posible pérdida de datos
C:\Users\pecer\OneDrive\Documents\GitHub\Proyecto_CompuGrafica\Project3\Final.cpp(1019,10): warning C4244: '=': conversión de 'double' a 'float'; posible pérdida de datos
C:\Users\pecer\OneDrive\Documents\GitHub\Proyecto_CompuGrafica\Project3\Final.cpp(1020,10): warning C4244: '=': conversión de 'double' a 'float'; posible pérdida de datos
C:\Users\pecer\OneDrive\Documents\GitHub\Proyecto_CompuGrafica\Project3\Final.cpp(1028,28): warning C4244: 'argumento': conversión de 'double' a 'float'; posible pérdida de datos
glfw3.lib(context.obj) : warning LNK4099: no se encontró PDB 'glfw.pdb' con 'glfw3.lib(context.obj)' o en 'C:\Users\pecer\OneDrive\Documents\GitHub\Proyecto_CompuGrafica\Debug\glfw.pdb'; se vinculará el objeto sin tener en cuenta información de depuración
glfw3.lib(init.obj) : warning LNK4099: no se encontró PDB 'glfw.pdb' con 'glfw3.lib(init.obj)' o en 'C:\Users\pecer\OneDrive\Documents\GitHub\Proyecto_CompuGrafica\Debug\glfw.pdb'; se vinculará el objeto sin tener en cuenta información de depuración
glfw3.lib(input.obj) : warning LNK4099: no se encontró PDB 'glfw.pdb' con 'glfw3.lib(input.obj)' o en 'C:\Users\pecer\OneDrive\Documents\GitHub\Proyecto_CompuGrafica\Debug\glfw.pdb'; se vinculará el objeto sin tener en cuenta información de depuración
glfw3.lib(monitor.obj) : warning LNK4099: no se encontró PDB 'glfw.pdb' con 'glfw3.lib(monitor.obj)' o en 'C:\Users\pecer\OneDrive\Documents\GitHub\Proyecto_CompuGrafica\Debug\glfw.pdb'; se vinculará el objeto sin tener en cuenta información de depuración
glfw3.lib(vulkan.obj) : warning LNK4099: no se encontró PDB 'glfw.pdb' con 'glfw3.lib(vulkan.obj)' o en 'C:\Users\pecer\OneDrive\Documents\GitHub\Proyecto_CompuGrafica\Debug\glfw.pdb'; se vinculará el objeto sin tener en cuenta información de depuración
glfw3.lib(window.obj) : warning LNK4099: no se encontró PDB 'glfw.pdb' con 'glfw3.lib(window.obj)' o en 'C:\Users\pecer\OneDrive\Documents\GitHub\Proyecto_CompuGrafica\Debug\glfw.pdb'; se vinculará el objeto sin tener en cuenta información de depuración
glfw3.lib(win32_init.obj) : warning LNK4099: no se encontró PDB 'glfw.pdb' con 'glfw3.lib(win32_init.obj)' o en 'C:\Users\pecer\OneDrive\Documents\GitHub\Proyecto_CompuGrafica\Debug\glfw.pdb'; se vinculará el objeto sin tener en cuenta información de depuración
glfw3.lib(win32_joystick.obj) : warning LNK4099: no se encontró PDB 'glfw.pdb' con 'glfw3.lib(win32_joystick.obj)' o en 'C:\Users\pecer\OneDrive\Documents\GitHub\Proyecto_CompuGrafica\Debug\glfw.pdb'; se vinculará el objeto sin tener en cuenta información de depuración
glfw3.lib(win32_monitor.obj) : warning LNK4099: no se encontró PDB 'glfw.pdb' con 'glfw3.lib(win32_monitor.obj)' o en 'C:\Users\pecer\OneDrive\Documents\GitHub\Proyecto_CompuGrafica\Debug\glfw.pdb'; se vinculará el objeto sin tener en cuenta información de depuración
glfw3.lib(win32_time.obj) : warning LNK4099: no se encontró PDB 'glfw.pdb' con 'glfw3.lib(win32_time.obj)' o en 'C:\Users\pecer\OneDrive\Documents\GitHub\Proyecto_CompuGrafica\Debug\glfw.pdb'; se vinculará el objeto sin tener en cuenta información de depuración
glfw3.lib(win32_thread.obj) : warning LNK4099: no se encontró PDB 'glfw.pdb' con 'glfw3.lib(win32_thread.obj)' o en 'C:\Users\pecer\OneDrive\Documents\GitHub\Proyecto_CompuGrafica\Debug\glfw.pdb'; se vinculará el objeto sin tener en cuenta información de depuración
glfw3.lib(win32_window.obj) : warning LNK4099: no se encontró PDB 'glfw.pdb' con 'glfw3.lib(win32_window.obj)' o en 'C:\Users\pecer\OneDrive\Documents\GitHub\Proyecto_CompuGrafica\Debug\glfw.pdb'; se vinculará el objeto sin tener en cuenta información de depuración
glfw3.lib(wgl_context.obj) : warning LNK4099: no se encontró PDB 'glfw.pdb' con 'glfw3.lib(wgl_context.obj)' o en 'C:\Users\pecer\OneDrive\Documents\GitHub\Proyecto_CompuGrafica\Debug\glfw.pdb'; se vinculará el objeto sin tener en cuenta información de depuración
glfw3.lib(egl_context.obj) : warning LNK4099: no se encontró PDB 'glfw.pdb' con 'glfw3.lib(egl_context.obj)' o en 'C:\Users\pecer\OneDrive\Documents\GitHub\Proyecto_CompuGrafica\Debug\glfw.pdb'; se vinculará el objeto sin tener en cuenta información de depuración
glfw3.lib(osmesa_context.obj) : warning LNK4099: no se encontró PDB 'glfw.pdb' con 'glfw3.lib(osmesa_context.obj)' o en 'C:\Users\pecer\OneDrive\Documents\GitHub\Proyecto_CompuGrafica\Debug\glfw.pdb'; se vinculará el objeto sin tener en cuenta información de depuración
  Project3.vcxproj -> C:\Users\pecer\OneDrive\Documents\GitHub\Proyecto_CompuGrafica\Debug\Project3.exe
